[35m[Appium][39m Welcome to Appium v1.20.2
[35m[Appium][39m Non-default server args:
[35m[Appium][39m   port: 49535
[35m[Appium][39m   loglevel: info
[35m[Appium][39m   tmpDir: C:\Users\ALFI\AppData\Local\Temp\\Katalon\Appium\Temp1611732798985
[35m[Appium][39m   chromedriverPort: 49536
[35m[Appium][39m Deprecated server args:
[35m[Appium][39m   [31m--chromedriver-port[39m => --default-capabilities
[35m[Appium][39m Default capabilities, which will be added to each request unless overridden by desired capabilities:
[35m[Appium][39m   chromedriverPort: 49536
[35m[Appium][39m Appium REST http interface listener started on 0.0.0.0:49535
[35m[HTTP][39m [37m-->[39m [37mGET[39m [37m/wd/hub/status[39m
[35m[HTTP][39m [90m{}[39m
[35m[HTTP][39m [37m<-- GET /wd/hub/status [39m[32m200[39m [90m8 ms - 68[39m
[35m[HTTP][39m [90m[39m
[35m[HTTP][39m [37m-->[39m [37mGET[39m [37m/wd/hub/status[39m
[35m[HTTP][39m [90m{}[39m
[35m[HTTP][39m [37m<-- GET /wd/hub/status [39m[32m200[39m [90m1 ms - 68[39m
[35m[HTTP][39m [90m[39m
[35m[HTTP][39m [37m-->[39m [37mPOST[39m [37m/wd/hub/session[39m
[35m[HTTP][39m [90m{"desiredCapabilities":{"appActivity":".Settings","appPackage":"com.android.settings","newCommandTimeout":1800,"platformVersion":"10","automationName":"uiautomator2","autoGrantPermissions":true,"platformName":"Android","udid":"bfc9968f","deviceName":"Xiaomi MI 9 (Android 10)","platform":"ANDROID","systemPort":8288},"capabilities":{"firstMatch":[{"appium:appActivity":".Settings","appium:appPackage":"com.android.settings","appium:autoGrantPermissions":true,"appium:automationName":"uiautomator2","appium:deviceName":"Xiaomi MI 9 (Android 10)","appium:newCommandTimeout":1800,"platform":"ANDROID","platformName":"android","appium:platformVersion":"10","appium:systemPort":8288,"appium:udid":"bfc9968f"}]}}[39m
[35m[BaseDriver][39m The following capabilities are not standard capabilities and should have an extension prefix:
[35m[BaseDriver][39m   platform
[35m[BaseDriver][39m   chromedriverPort
[35m[Appium][39m Appium v1.20.2 creating new AndroidUiautomator2Driver (v1.61.2) session
[35m[BaseDriver][39m The following capabilities were provided, but are not recognized by Appium:
[35m[BaseDriver][39m   platform
[35m[BaseDriver][39m Session created with session id: 6c60ab12-073c-4b3f-b96b-a5ae9ad60077
[35m[UiAutomator2][39m Starting 'com.android.settings' directly on the device
[35m[ADB][39m Found 1 'build-tools' folders under 'C:\Users\ALFI\.katalon\tools\android_sdk' (newest first):
[35m[ADB][39m     C:/Users/ALFI/.katalon/tools/android_sdk/build-tools/29.0.3
[35m[ADB][39m Using 'adb.exe' from 'C:\Users\ALFI\.katalon\tools\android_sdk\platform-tools\adb.exe'
[35m[AndroidDriver][39m Retrieving device list
[35m[AndroidDriver][39m Using device: bfc9968f
[35m[ADB][39m Using 'adb.exe' from 'C:\Users\ALFI\.katalon\tools\android_sdk\platform-tools\adb.exe'
[35m[ADB][39m Getting device platform version
[35m[UiAutomator2][39m Relaxing hidden api policy
[35m[AndroidDriver][39m No app sent in, not parsing package/activity
[35m[ADB][39m Using 'apksigner.jar' from 'C:\Users\ALFI\.katalon\tools\android_sdk\build-tools\29.0.3\lib\apksigner.jar'
[35m[ADB][39m 'C:\Users\ALFI\AppData\Roaming\npm\node_modules\appium\node_modules\appium-uiautomator2-server\apks\appium-uiautomator2-server-v4.17.4.apk' is signed with the default certificate
[35m[ADB][39m 'C:\Users\ALFI\AppData\Roaming\npm\node_modules\appium\node_modules\appium-uiautomator2-server\apks\appium-uiautomator2-server-debug-androidTest.apk' is signed with the default certificate
[35m[UiAutomator2][39m Server packages are not going to be (re)installed
[35m[ADB][39m Adding packages ["io.appium.settings","io.appium.uiautomator2.server","io.appium.uiautomator2.server.test"] to Doze whitelist
[35m[UiAutomator2][39m Starting UIAutomator2 server 4.17.4
[35m[UiAutomator2][39m Using UIAutomator2 server from 'C:\Users\ALFI\AppData\Roaming\npm\node_modules\appium\node_modules\appium-uiautomator2-server\apks\appium-uiautomator2-server-v4.17.4.apk' and test from 'C:\Users\ALFI\AppData\Roaming\npm\node_modules\appium\node_modules\appium-uiautomator2-server\apks\appium-uiautomator2-server-debug-androidTest.apk'
[35m[UiAutomator2][39m Waiting up to 30000ms for UiAutomator2 to be online...
[35m[WD Proxy][39m socket hang up
[35m[WD Proxy][39m socket hang up
[35m[WD Proxy][39m socket hang up
[35m[WD Proxy][39m Determined the downstream protocol as 'W3C'
[35m[AndroidDriver][39m Screen already unlocked, doing nothing
[35m[UiAutomator2][39m Starting 'com.android.settings/.Settings and waiting for 'com.android.settings/.Settings'
[35m[Appium][39m New AndroidUiautomator2Driver session created successfully, session 6c60ab12-073c-4b3f-b96b-a5ae9ad60077 added to master session list
[35m[HTTP][39m [37m<-- POST /wd/hub/session [39m[32m200[39m [90m10620 ms - 1134[39m
[35m[HTTP][39m [90m[39m
[35m[HTTP][39m [37m-->[39m [37mGET[39m [37m/wd/hub/session/6c60ab12-073c-4b3f-b96b-a5ae9ad60077[39m
[35m[HTTP][39m [90m{}[39m
[35m[HTTP][39m [37m<-- GET /wd/hub/session/6c60ab12-073c-4b3f-b96b-a5ae9ad60077 [39m[32m200[39m [90m9 ms - 1088[39m
[35m[HTTP][39m [90m[39m
[35m[HTTP][39m [37m-->[39m [37mGET[39m [37m/wd/hub/session/6c60ab12-073c-4b3f-b96b-a5ae9ad60077[39m
[35m[HTTP][39m [90m{}[39m
[35m[HTTP][39m [37m<-- GET /wd/hub/session/6c60ab12-073c-4b3f-b96b-a5ae9ad60077 [39m[32m200[39m [90m10 ms - 1088[39m
[35m[HTTP][39m [90m[39m
[35m[HTTP][39m [37m-->[39m [37mGET[39m [37m/wd/hub/status[39m
[35m[HTTP][39m [90m{}[39m
[35m[HTTP][39m [37m<-- GET /wd/hub/status [39m[32m200[39m [90m1 ms - 68[39m
[35m[HTTP][39m [90m[39m
[35m[HTTP][39m [37m-->[39m [37mPOST[39m [37m/wd/hub/session/6c60ab12-073c-4b3f-b96b-a5ae9ad60077/timeouts[39m
[35m[HTTP][39m [90m{"implicit":60000}[39m
[35m[HTTP][39m [37m<-- POST /wd/hub/session/6c60ab12-073c-4b3f-b96b-a5ae9ad60077/timeouts [39m[32m200[39m [90m3 ms - 14[39m
[35m[HTTP][39m [90m[39m
[35m[HTTP][39m [37m-->[39m [37mGET[39m [37m/wd/hub/session/6c60ab12-073c-4b3f-b96b-a5ae9ad60077/screenshot[39m
[35m[HTTP][39m [90m{}[39m
[35m[HTTP][39m [37m<-- GET /wd/hub/session/6c60ab12-073c-4b3f-b96b-a5ae9ad60077/screenshot [39m[32m200[39m [90m305 ms - 168288[39m
[35m[HTTP][39m [90m[39m
[35m[HTTP][39m [37m-->[39m [37mGET[39m [37m/wd/hub/session/6c60ab12-073c-4b3f-b96b-a5ae9ad60077/window/rect[39m
[35m[HTTP][39m [90m{}[39m
[35m[HTTP][39m [37m<-- GET /wd/hub/session/6c60ab12-073c-4b3f-b96b-a5ae9ad60077/window/rect [39m[32m200[39m [90m22 ms - 50[39m
[35m[HTTP][39m [90m[39m
[35m[HTTP][39m [37m-->[39m [37mGET[39m [37m/wd/hub/session/6c60ab12-073c-4b3f-b96b-a5ae9ad60077/appium/device/system_bars[39m
[35m[HTTP][39m [90m{}[39m
[35m[HTTP][39m [37m<-- GET /wd/hub/session/6c60ab12-073c-4b3f-b96b-a5ae9ad60077/appium/device/system_bars [39m[31m500[39m [90m189 ms - 645[39m
[35m[HTTP][39m [90m[39m
[35m[HTTP][39m [37m-->[39m [37mPOST[39m [37m/wd/hub/session/6c60ab12-073c-4b3f-b96b-a5ae9ad60077/execute/sync[39m
[35m[HTTP][39m [90m{"script":"mobile:viewportRect","args":[]}[39m
[35m[AndroidDriver][39m Executing native command 'mobile:viewportRect'
[35m[HTTP][39m [37m<-- POST /wd/hub/session/6c60ab12-073c-4b3f-b96b-a5ae9ad60077/execute/sync [39m[32m200[39m [90m14 ms - 56[39m
[35m[HTTP][39m [90m[39m
[35m[HTTP][39m [37m-->[39m [37mPOST[39m [37m/wd/hub/session/6c60ab12-073c-4b3f-b96b-a5ae9ad60077/appium/device/activate_app[39m
[35m[HTTP][39m [90m{"bundleId":"id.co.myhomecredit"}[39m
[35m[HTTP][39m [37m<-- POST /wd/hub/session/6c60ab12-073c-4b3f-b96b-a5ae9ad60077/appium/device/activate_app [39m[32m200[39m [90m362 ms - 14[39m
[35m[HTTP][39m [90m[39m
[35m[HTTP][39m [37m-->[39m [37mGET[39m [37m/wd/hub/session/6c60ab12-073c-4b3f-b96b-a5ae9ad60077/source[39m
[35m[HTTP][39m [90m{}[39m
[35m[W3C (6c60ab12)][39m Driver proxy active, passing request on via HTTP proxy
[35m[WD Proxy][39m Replacing sessionId 0f37ffb5-4972-4c7b-b084-b4bdd3a36cd5 with 6c60ab12-073c-4b3f-b96b-a5ae9ad60077
[35m[HTTP][39m [37m<-- GET /wd/hub/session/6c60ab12-073c-4b3f-b96b-a5ae9ad60077/source [39m[32m200[39m [90m445 ms - 3207[39m
[35m[HTTP][39m [90m[39m
[35m[HTTP][39m [37m-->[39m [37mGET[39m [37m/wd/hub/session/6c60ab12-073c-4b3f-b96b-a5ae9ad60077/screenshot[39m
[35m[HTTP][39m [90m{}[39m
[35m[HTTP][39m [37m<-- GET /wd/hub/session/6c60ab12-073c-4b3f-b96b-a5ae9ad60077/screenshot [39m[32m200[39m [90m307 ms - 41632[39m
[35m[HTTP][39m [90m[39m
[35m[HTTP][39m [37m-->[39m [37mGET[39m [37m/wd/hub/session/6c60ab12-073c-4b3f-b96b-a5ae9ad60077/source[39m
[35m[HTTP][39m [90m{}[39m
[35m[W3C (6c60ab12)][39m Driver proxy active, passing request on via HTTP proxy
[35m[WD Proxy][39m Replacing sessionId 0f37ffb5-4972-4c7b-b084-b4bdd3a36cd5 with 6c60ab12-073c-4b3f-b96b-a5ae9ad60077
[35m[HTTP][39m [37m<-- GET /wd/hub/session/6c60ab12-073c-4b3f-b96b-a5ae9ad60077/source [39m[32m200[39m [90m166 ms - 11122[39m
[35m[HTTP][39m [90m[39m
[35m[HTTP][39m [37m-->[39m [37mGET[39m [37m/wd/hub/session/6c60ab12-073c-4b3f-b96b-a5ae9ad60077/screenshot[39m
[35m[HTTP][39m [90m{}[39m
[35m[HTTP][39m [37m<-- GET /wd/hub/session/6c60ab12-073c-4b3f-b96b-a5ae9ad60077/screenshot [39m[32m200[39m [90m513 ms - 239042[39m
[35m[HTTP][39m [90m[39m
[35m[HTTP][39m [37m-->[39m [37mPOST[39m [37m/wd/hub/session/6c60ab12-073c-4b3f-b96b-a5ae9ad60077/elements[39m
[35m[HTTP][39m [90m{"using":"xpath","value":"//*[@class = 'android.widget.EditText' and @resource-id = 'otp-1' and (@text = '' or . = '')]"}[39m
[35m[HTTP][39m [37m<-- POST /wd/hub/session/6c60ab12-073c-4b3f-b96b-a5ae9ad60077/elements [39m[32m200[39m [90m218 ms - 139[39m
[35m[HTTP][39m [90m[39m
[35m[HTTP][39m [37m-->[39m [37mGET[39m [37m/wd/hub/session/6c60ab12-073c-4b3f-b96b-a5ae9ad60077/window/rect[39m
[35m[HTTP][39m [90m{}[39m
[35m[HTTP][39m [37m<-- GET /wd/hub/session/6c60ab12-073c-4b3f-b96b-a5ae9ad60077/window/rect [39m[32m200[39m [90m17 ms - 50[39m
[35m[HTTP][39m [90m[39m
[35m[HTTP][39m [37m-->[39m [37mPOST[39m [37m/wd/hub/session/6c60ab12-073c-4b3f-b96b-a5ae9ad60077/elements[39m
[35m[HTTP][39m [90m{"using":"xpath","value":"//*[@class = 'android.widget.EditText' and @resource-id = 'otp-1' and (@text = '' or . = '')]"}[39m
[35m[HTTP][39m [37m<-- POST /wd/hub/session/6c60ab12-073c-4b3f-b96b-a5ae9ad60077/elements [39m[32m200[39m [90m125 ms - 139[39m
[35m[HTTP][39m [90m[39m
[35m[HTTP][39m [37m-->[39m [37mGET[39m [37m/wd/hub/session/6c60ab12-073c-4b3f-b96b-a5ae9ad60077/element/5e7feb70-1575-4a12-bd77-1a4a6c2c833a/location[39m
[35m[HTTP][39m [90m{}[39m
[35m[W3C (6c60ab12)][39m Driver proxy active, passing request on via HTTP proxy
[35m[WD Proxy][39m Replacing sessionId 0f37ffb5-4972-4c7b-b084-b4bdd3a36cd5 with 6c60ab12-073c-4b3f-b96b-a5ae9ad60077
[35m[HTTP][39m [37m<-- GET /wd/hub/session/6c60ab12-073c-4b3f-b96b-a5ae9ad60077/element/5e7feb70-1575-4a12-bd77-1a4a6c2c833a/location [39m[32m200[39m [90m54 ms - 78[39m
[35m[HTTP][39m [90m[39m
[35m[HTTP][39m [37m-->[39m [37mPOST[39m [37m/wd/hub/session/6c60ab12-073c-4b3f-b96b-a5ae9ad60077/element/5e7feb70-1575-4a12-bd77-1a4a6c2c833a/clear[39m
[35m[HTTP][39m [90m{"id":"5e7feb70-1575-4a12-bd77-1a4a6c2c833a"}[39m
[35m[HTTP][39m [37m<-- POST /wd/hub/session/6c60ab12-073c-4b3f-b96b-a5ae9ad60077/element/5e7feb70-1575-4a12-bd77-1a4a6c2c833a/clear [39m[32m200[39m [90m33 ms - 14[39m
[35m[HTTP][39m [90m[39m
[35m[HTTP][39m [37m-->[39m [37mPOST[39m [37m/wd/hub/session/6c60ab12-073c-4b3f-b96b-a5ae9ad60077/element/5e7feb70-1575-4a12-bd77-1a4a6c2c833a/value[39m
[35m[HTTP][39m [90m{"id":"5e7feb70-1575-4a12-bd77-1a4a6c2c833a","text":"6","value":["6"]}[39m
[35m[HTTP][39m [37m<-- POST /wd/hub/session/6c60ab12-073c-4b3f-b96b-a5ae9ad60077/element/5e7feb70-1575-4a12-bd77-1a4a6c2c833a/value [39m[32m200[39m [90m546 ms - 14[39m
[35m[HTTP][39m [90m[39m
[35m[HTTP][39m [37m-->[39m [37mGET[39m [37m/wd/hub/session/6c60ab12-073c-4b3f-b96b-a5ae9ad60077/source[39m
[35m[HTTP][39m [90m{}[39m
[35m[W3C (6c60ab12)][39m Driver proxy active, passing request on via HTTP proxy
[35m[WD Proxy][39m Replacing sessionId 0f37ffb5-4972-4c7b-b084-b4bdd3a36cd5 with 6c60ab12-073c-4b3f-b96b-a5ae9ad60077
[35m[HTTP][39m [37m<-- GET /wd/hub/session/6c60ab12-073c-4b3f-b96b-a5ae9ad60077/source [39m[32m200[39m [90m523 ms - 11123[39m
[35m[HTTP][39m [90m[39m
[35m[HTTP][39m [37m-->[39m [37mGET[39m [37m/wd/hub/session/6c60ab12-073c-4b3f-b96b-a5ae9ad60077/screenshot[39m
[35m[HTTP][39m [90m{}[39m
[35m[HTTP][39m [37m<-- GET /wd/hub/session/6c60ab12-073c-4b3f-b96b-a5ae9ad60077/screenshot [39m[32m200[39m [90m508 ms - 242076[39m
[35m[HTTP][39m [90m[39m
[35m[HTTP][39m [37m-->[39m [37mPOST[39m [37m/wd/hub/session/6c60ab12-073c-4b3f-b96b-a5ae9ad60077/elements[39m
[35m[HTTP][39m [90m{"using":"xpath","value":"//*[@class = 'android.widget.EditText' and @resource-id = 'otp-2' and (@text = '' or . = '')]"}[39m
[35m[HTTP][39m [37m<-- POST /wd/hub/session/6c60ab12-073c-4b3f-b96b-a5ae9ad60077/elements [39m[32m200[39m [90m232 ms - 139[39m
[35m[HTTP][39m [90m[39m
[35m[HTTP][39m [37m-->[39m [37mGET[39m [37m/wd/hub/session/6c60ab12-073c-4b3f-b96b-a5ae9ad60077/window/rect[39m
[35m[HTTP][39m [90m{}[39m
[35m[HTTP][39m [37m<-- GET /wd/hub/session/6c60ab12-073c-4b3f-b96b-a5ae9ad60077/window/rect [39m[32m200[39m [90m25 ms - 50[39m
[35m[HTTP][39m [90m[39m
[35m[HTTP][39m [37m-->[39m [37mPOST[39m [37m/wd/hub/session/6c60ab12-073c-4b3f-b96b-a5ae9ad60077/elements[39m
[35m[HTTP][39m [90m{"using":"xpath","value":"//*[@class = 'android.widget.EditText' and @resource-id = 'otp-2' and (@text = '' or . = '')]"}[39m
[35m[HTTP][39m [37m<-- POST /wd/hub/session/6c60ab12-073c-4b3f-b96b-a5ae9ad60077/elements [39m[32m200[39m [90m123 ms - 139[39m
[35m[HTTP][39m [90m[39m
[35m[HTTP][39m [37m-->[39m [37mGET[39m [37m/wd/hub/session/6c60ab12-073c-4b3f-b96b-a5ae9ad60077/element/432ee1a6-b46e-4626-86bd-1c354cedf7f2/location[39m
[35m[HTTP][39m [90m{}[39m
[35m[W3C (6c60ab12)][39m Driver proxy active, passing request on via HTTP proxy
[35m[WD Proxy][39m Replacing sessionId 0f37ffb5-4972-4c7b-b084-b4bdd3a36cd5 with 6c60ab12-073c-4b3f-b96b-a5ae9ad60077
[35m[HTTP][39m [37m<-- GET /wd/hub/session/6c60ab12-073c-4b3f-b96b-a5ae9ad60077/element/432ee1a6-b46e-4626-86bd-1c354cedf7f2/location [39m[32m200[39m [90m58 ms - 78[39m
[35m[HTTP][39m [90m[39m
[35m[HTTP][39m [37m-->[39m [37mPOST[39m [37m/wd/hub/session/6c60ab12-073c-4b3f-b96b-a5ae9ad60077/element/432ee1a6-b46e-4626-86bd-1c354cedf7f2/clear[39m
[35m[HTTP][39m [90m{"id":"432ee1a6-b46e-4626-86bd-1c354cedf7f2"}[39m
[35m[HTTP][39m [37m<-- POST /wd/hub/session/6c60ab12-073c-4b3f-b96b-a5ae9ad60077/element/432ee1a6-b46e-4626-86bd-1c354cedf7f2/clear [39m[32m200[39m [90m30 ms - 14[39m
[35m[HTTP][39m [90m[39m
[35m[HTTP][39m [37m-->[39m [37mPOST[39m [37m/wd/hub/session/6c60ab12-073c-4b3f-b96b-a5ae9ad60077/element/432ee1a6-b46e-4626-86bd-1c354cedf7f2/value[39m
[35m[HTTP][39m [90m{"id":"432ee1a6-b46e-4626-86bd-1c354cedf7f2","text":"5","value":["5"]}[39m
[35m[HTTP][39m [37m<-- POST /wd/hub/session/6c60ab12-073c-4b3f-b96b-a5ae9ad60077/element/432ee1a6-b46e-4626-86bd-1c354cedf7f2/value [39m[32m200[39m [90m553 ms - 14[39m
[35m[HTTP][39m [90m[39m
[35m[HTTP][39m [37m-->[39m [37mGET[39m [37m/wd/hub/session/6c60ab12-073c-4b3f-b96b-a5ae9ad60077/source[39m
[35m[HTTP][39m [90m{}[39m
[35m[W3C (6c60ab12)][39m Driver proxy active, passing request on via HTTP proxy
[35m[WD Proxy][39m Replacing sessionId 0f37ffb5-4972-4c7b-b084-b4bdd3a36cd5 with 6c60ab12-073c-4b3f-b96b-a5ae9ad60077
[35m[HTTP][39m [37m<-- GET /wd/hub/session/6c60ab12-073c-4b3f-b96b-a5ae9ad60077/source [39m[32m200[39m [90m545 ms - 11124[39m
[35m[HTTP][39m [90m[39m
[35m[HTTP][39m [37m-->[39m [37mGET[39m [37m/wd/hub/session/6c60ab12-073c-4b3f-b96b-a5ae9ad60077/screenshot[39m
[35m[HTTP][39m [90m{}[39m
[35m[HTTP][39m [37m<-- GET /wd/hub/session/6c60ab12-073c-4b3f-b96b-a5ae9ad60077/screenshot [39m[32m200[39m [90m503 ms - 244148[39m
[35m[HTTP][39m [90m[39m
[35m[HTTP][39m [37m-->[39m [37mPOST[39m [37m/wd/hub/session/6c60ab12-073c-4b3f-b96b-a5ae9ad60077/elements[39m
[35m[HTTP][39m [90m{"using":"xpath","value":"//*[@class = 'android.widget.EditText' and @resource-id = 'otp-3' and (@text = '' or . = '')]"}[39m
[35m[HTTP][39m [37m<-- POST /wd/hub/session/6c60ab12-073c-4b3f-b96b-a5ae9ad60077/elements [39m[32m200[39m [90m352 ms - 139[39m
[35m[HTTP][39m [90m[39m
[35m[HTTP][39m [37m-->[39m [37mGET[39m [37m/wd/hub/session/6c60ab12-073c-4b3f-b96b-a5ae9ad60077/window/rect[39m
[35m[HTTP][39m [90m{}[39m
[35m[HTTP][39m [37m<-- GET /wd/hub/session/6c60ab12-073c-4b3f-b96b-a5ae9ad60077/window/rect [39m[32m200[39m [90m19 ms - 50[39m
[35m[HTTP][39m [90m[39m
[35m[HTTP][39m [37m-->[39m [37mPOST[39m [37m/wd/hub/session/6c60ab12-073c-4b3f-b96b-a5ae9ad60077/elements[39m
[35m[HTTP][39m [90m{"using":"xpath","value":"//*[@class = 'android.widget.EditText' and @resource-id = 'otp-3' and (@text = '' or . = '')]"}[39m
[35m[HTTP][39m [37m<-- POST /wd/hub/session/6c60ab12-073c-4b3f-b96b-a5ae9ad60077/elements [39m[32m200[39m [90m128 ms - 139[39m
[35m[HTTP][39m [90m[39m
[35m[HTTP][39m [37m-->[39m [37mGET[39m [37m/wd/hub/session/6c60ab12-073c-4b3f-b96b-a5ae9ad60077/element/f65a6e57-0811-4c34-92e7-a9ae3a242354/location[39m
[35m[HTTP][39m [90m{}[39m
[35m[W3C (6c60ab12)][39m Driver proxy active, passing request on via HTTP proxy
[35m[WD Proxy][39m Replacing sessionId 0f37ffb5-4972-4c7b-b084-b4bdd3a36cd5 with 6c60ab12-073c-4b3f-b96b-a5ae9ad60077
[35m[HTTP][39m [37m<-- GET /wd/hub/session/6c60ab12-073c-4b3f-b96b-a5ae9ad60077/element/f65a6e57-0811-4c34-92e7-a9ae3a242354/location [39m[32m200[39m [90m32 ms - 78[39m
[35m[HTTP][39m [90m[39m
[35m[HTTP][39m [37m-->[39m [37mPOST[39m [37m/wd/hub/session/6c60ab12-073c-4b3f-b96b-a5ae9ad60077/element/f65a6e57-0811-4c34-92e7-a9ae3a242354/clear[39m
[35m[HTTP][39m [90m{"id":"f65a6e57-0811-4c34-92e7-a9ae3a242354"}[39m
[35m[HTTP][39m [37m<-- POST /wd/hub/session/6c60ab12-073c-4b3f-b96b-a5ae9ad60077/element/f65a6e57-0811-4c34-92e7-a9ae3a242354/clear [39m[32m200[39m [90m37 ms - 14[39m
[35m[HTTP][39m [90m[39m
[35m[HTTP][39m [37m-->[39m [37mPOST[39m [37m/wd/hub/session/6c60ab12-073c-4b3f-b96b-a5ae9ad60077/element/f65a6e57-0811-4c34-92e7-a9ae3a242354/value[39m
[35m[HTTP][39m [90m{"id":"f65a6e57-0811-4c34-92e7-a9ae3a242354","text":"4","value":["4"]}[39m
[35m[HTTP][39m [37m<-- POST /wd/hub/session/6c60ab12-073c-4b3f-b96b-a5ae9ad60077/element/f65a6e57-0811-4c34-92e7-a9ae3a242354/value [39m[32m200[39m [90m540 ms - 14[39m
[35m[HTTP][39m [90m[39m
[35m[HTTP][39m [37m-->[39m [37mGET[39m [37m/wd/hub/session/6c60ab12-073c-4b3f-b96b-a5ae9ad60077/source[39m
[35m[HTTP][39m [90m{}[39m
[35m[W3C (6c60ab12)][39m Driver proxy active, passing request on via HTTP proxy
[35m[WD Proxy][39m Replacing sessionId 0f37ffb5-4972-4c7b-b084-b4bdd3a36cd5 with 6c60ab12-073c-4b3f-b96b-a5ae9ad60077
[35m[HTTP][39m [37m<-- GET /wd/hub/session/6c60ab12-073c-4b3f-b96b-a5ae9ad60077/source [39m[32m200[39m [90m630 ms - 11125[39m
[35m[HTTP][39m [90m[39m
[35m[HTTP][39m [37m-->[39m [37mGET[39m [37m/wd/hub/session/6c60ab12-073c-4b3f-b96b-a5ae9ad60077/screenshot[39m
[35m[HTTP][39m [90m{}[39m
[35m[HTTP][39m [37m<-- GET /wd/hub/session/6c60ab12-073c-4b3f-b96b-a5ae9ad60077/screenshot [39m[32m200[39m [90m509 ms - 244592[39m
[35m[HTTP][39m [90m[39m
[35m[HTTP][39m [37m-->[39m [37mPOST[39m [37m/wd/hub/session/6c60ab12-073c-4b3f-b96b-a5ae9ad60077/elements[39m
[35m[HTTP][39m [90m{"using":"xpath","value":"//*[@class = 'android.widget.EditText' and @resource-id = 'otp-4' and (@text = '' or . = '')]"}[39m
[35m[HTTP][39m [37m<-- POST /wd/hub/session/6c60ab12-073c-4b3f-b96b-a5ae9ad60077/elements [39m[32m200[39m [90m130 ms - 139[39m
[35m[HTTP][39m [90m[39m
[35m[HTTP][39m [37m-->[39m [37mGET[39m [37m/wd/hub/session/6c60ab12-073c-4b3f-b96b-a5ae9ad60077/window/rect[39m
[35m[HTTP][39m [90m{}[39m
[35m[HTTP][39m [37m<-- GET /wd/hub/session/6c60ab12-073c-4b3f-b96b-a5ae9ad60077/window/rect [39m[32m200[39m [90m26 ms - 50[39m
[35m[HTTP][39m [90m[39m
[35m[HTTP][39m [37m-->[39m [37mPOST[39m [37m/wd/hub/session/6c60ab12-073c-4b3f-b96b-a5ae9ad60077/elements[39m
[35m[HTTP][39m [90m{"using":"xpath","value":"//*[@class = 'android.widget.EditText' and @resource-id = 'otp-4' and (@text = '' or . = '')]"}[39m
[35m[HTTP][39m [37m<-- POST /wd/hub/session/6c60ab12-073c-4b3f-b96b-a5ae9ad60077/elements [39m[32m200[39m [90m301 ms - 139[39m
[35m[HTTP][39m [90m[39m
[35m[HTTP][39m [37m-->[39m [37mGET[39m [37m/wd/hub/session/6c60ab12-073c-4b3f-b96b-a5ae9ad60077/element/b1c4b306-3de4-4269-9ae9-6ddda2130969/location[39m
[35m[HTTP][39m [90m{}[39m
[35m[W3C (6c60ab12)][39m Driver proxy active, passing request on via HTTP proxy
[35m[WD Proxy][39m Replacing sessionId 0f37ffb5-4972-4c7b-b084-b4bdd3a36cd5 with 6c60ab12-073c-4b3f-b96b-a5ae9ad60077
[35m[HTTP][39m [37m<-- GET /wd/hub/session/6c60ab12-073c-4b3f-b96b-a5ae9ad60077/element/b1c4b306-3de4-4269-9ae9-6ddda2130969/location [39m[32m200[39m [90m50 ms - 78[39m
[35m[HTTP][39m [90m[39m
[35m[HTTP][39m [37m-->[39m [37mPOST[39m [37m/wd/hub/session/6c60ab12-073c-4b3f-b96b-a5ae9ad60077/element/b1c4b306-3de4-4269-9ae9-6ddda2130969/clear[39m
[35m[HTTP][39m [90m{"id":"b1c4b306-3de4-4269-9ae9-6ddda2130969"}[39m
[35m[HTTP][39m [37m<-- POST /wd/hub/session/6c60ab12-073c-4b3f-b96b-a5ae9ad60077/element/b1c4b306-3de4-4269-9ae9-6ddda2130969/clear [39m[32m200[39m [90m54 ms - 14[39m
[35m[HTTP][39m [90m[39m
[35m[HTTP][39m [37m-->[39m [37mPOST[39m [37m/wd/hub/session/6c60ab12-073c-4b3f-b96b-a5ae9ad60077/element/b1c4b306-3de4-4269-9ae9-6ddda2130969/value[39m
[35m[HTTP][39m [90m{"id":"b1c4b306-3de4-4269-9ae9-6ddda2130969","text":"0","value":["0"]}[39m
[35m[HTTP][39m [37m<-- POST /wd/hub/session/6c60ab12-073c-4b3f-b96b-a5ae9ad60077/element/b1c4b306-3de4-4269-9ae9-6ddda2130969/value [39m[32m200[39m [90m702 ms - 14[39m
[35m[HTTP][39m [90m[39m
[35m[HTTP][39m [37m-->[39m [37mGET[39m [37m/wd/hub/session/6c60ab12-073c-4b3f-b96b-a5ae9ad60077/source[39m
[35m[HTTP][39m [90m{}[39m
[35m[W3C (6c60ab12)][39m Driver proxy active, passing request on via HTTP proxy
[35m[WD Proxy][39m Replacing sessionId 0f37ffb5-4972-4c7b-b084-b4bdd3a36cd5 with 6c60ab12-073c-4b3f-b96b-a5ae9ad60077
[35m[HTTP][39m [37m<-- GET /wd/hub/session/6c60ab12-073c-4b3f-b96b-a5ae9ad60077/source [39m[32m200[39m [90m586 ms - 11126[39m
[35m[HTTP][39m [90m[39m
[35m[HTTP][39m [37m-->[39m [37mGET[39m [37m/wd/hub/session/6c60ab12-073c-4b3f-b96b-a5ae9ad60077/screenshot[39m
[35m[HTTP][39m [90m{}[39m
[35m[HTTP][39m [37m<-- GET /wd/hub/session/6c60ab12-073c-4b3f-b96b-a5ae9ad60077/screenshot [39m[32m200[39m [90m508 ms - 246480[39m
[35m[HTTP][39m [90m[39m
[35m[HTTP][39m [37m-->[39m [37mPOST[39m [37m/wd/hub/session/6c60ab12-073c-4b3f-b96b-a5ae9ad60077/elements[39m
[35m[HTTP][39m [90m{"using":"xpath","value":"//*[@class = 'android.widget.EditText' and @resource-id = 'otp-5' and (@text = '' or . = '')]"}[39m
[35m[HTTP][39m [37m<-- POST /wd/hub/session/6c60ab12-073c-4b3f-b96b-a5ae9ad60077/elements [39m[32m200[39m [90m428 ms - 139[39m
[35m[HTTP][39m [90m[39m
[35m[HTTP][39m [37m-->[39m [37mGET[39m [37m/wd/hub/session/6c60ab12-073c-4b3f-b96b-a5ae9ad60077/window/rect[39m
[35m[HTTP][39m [90m{}[39m
[35m[HTTP][39m [37m<-- GET /wd/hub/session/6c60ab12-073c-4b3f-b96b-a5ae9ad60077/window/rect [39m[32m200[39m [90m16 ms - 50[39m
[35m[HTTP][39m [90m[39m
[35m[HTTP][39m [37m-->[39m [37mPOST[39m [37m/wd/hub/session/6c60ab12-073c-4b3f-b96b-a5ae9ad60077/elements[39m
[35m[HTTP][39m [90m{"using":"xpath","value":"//*[@class = 'android.widget.EditText' and @resource-id = 'otp-5' and (@text = '' or . = '')]"}[39m
[35m[HTTP][39m [37m<-- POST /wd/hub/session/6c60ab12-073c-4b3f-b96b-a5ae9ad60077/elements [39m[32m200[39m [90m388 ms - 139[39m
[35m[HTTP][39m [90m[39m
[35m[HTTP][39m [37m-->[39m [37mGET[39m [37m/wd/hub/session/6c60ab12-073c-4b3f-b96b-a5ae9ad60077/element/0d8b9f50-f339-4ef4-833b-dd0cc4d4298b/location[39m
[35m[HTTP][39m [90m{}[39m
[35m[W3C (6c60ab12)][39m Driver proxy active, passing request on via HTTP proxy
[35m[WD Proxy][39m Replacing sessionId 0f37ffb5-4972-4c7b-b084-b4bdd3a36cd5 with 6c60ab12-073c-4b3f-b96b-a5ae9ad60077
[35m[HTTP][39m [37m<-- GET /wd/hub/session/6c60ab12-073c-4b3f-b96b-a5ae9ad60077/element/0d8b9f50-f339-4ef4-833b-dd0cc4d4298b/location [39m[32m200[39m [90m45 ms - 78[39m
[35m[HTTP][39m [90m[39m
[35m[HTTP][39m [37m-->[39m [37mPOST[39m [37m/wd/hub/session/6c60ab12-073c-4b3f-b96b-a5ae9ad60077/element/0d8b9f50-f339-4ef4-833b-dd0cc4d4298b/clear[39m
[35m[HTTP][39m [90m{"id":"0d8b9f50-f339-4ef4-833b-dd0cc4d4298b"}[39m
[35m[HTTP][39m [37m<-- POST /wd/hub/session/6c60ab12-073c-4b3f-b96b-a5ae9ad60077/element/0d8b9f50-f339-4ef4-833b-dd0cc4d4298b/clear [39m[32m200[39m [90m41 ms - 14[39m
[35m[HTTP][39m [90m[39m
[35m[HTTP][39m [37m-->[39m [37mPOST[39m [37m/wd/hub/session/6c60ab12-073c-4b3f-b96b-a5ae9ad60077/element/0d8b9f50-f339-4ef4-833b-dd0cc4d4298b/value[39m
[35m[HTTP][39m [90m{"id":"0d8b9f50-f339-4ef4-833b-dd0cc4d4298b","text":"5","value":["5"]}[39m
[35m[HTTP][39m [37m<-- POST /wd/hub/session/6c60ab12-073c-4b3f-b96b-a5ae9ad60077/element/0d8b9f50-f339-4ef4-833b-dd0cc4d4298b/value [39m[32m200[39m [90m709 ms - 14[39m
[35m[HTTP][39m [90m[39m
[35m[HTTP][39m [37m-->[39m [37mGET[39m [37m/wd/hub/session/6c60ab12-073c-4b3f-b96b-a5ae9ad60077/source[39m
[35m[HTTP][39m [90m{}[39m
[35m[W3C (6c60ab12)][39m Driver proxy active, passing request on via HTTP proxy
[35m[WD Proxy][39m Replacing sessionId 0f37ffb5-4972-4c7b-b084-b4bdd3a36cd5 with 6c60ab12-073c-4b3f-b96b-a5ae9ad60077
[35m[HTTP][39m [37m<-- GET /wd/hub/session/6c60ab12-073c-4b3f-b96b-a5ae9ad60077/source [39m[32m200[39m [90m611 ms - 11127[39m
[35m[HTTP][39m [90m[39m
[35m[HTTP][39m [37m-->[39m [37mGET[39m [37m/wd/hub/session/6c60ab12-073c-4b3f-b96b-a5ae9ad60077/screenshot[39m
[35m[HTTP][39m [90m{}[39m
[35m[HTTP][39m [37m<-- GET /wd/hub/session/6c60ab12-073c-4b3f-b96b-a5ae9ad60077/screenshot [39m[32m200[39m [90m507 ms - 249174[39m
[35m[HTTP][39m [90m[39m
[35m[HTTP][39m [37m-->[39m [37mPOST[39m [37m/wd/hub/session/6c60ab12-073c-4b3f-b96b-a5ae9ad60077/elements[39m
[35m[HTTP][39m [90m{"using":"xpath","value":"//*[@class = 'android.widget.EditText' and @resource-id = 'otp-6' and (@text = '' or . = '')]"}[39m
[35m[HTTP][39m [37m<-- POST /wd/hub/session/6c60ab12-073c-4b3f-b96b-a5ae9ad60077/elements [39m[32m200[39m [90m677 ms - 139[39m
[35m[HTTP][39m [90m[39m
[35m[HTTP][39m [37m-->[39m [37mGET[39m [37m/wd/hub/session/6c60ab12-073c-4b3f-b96b-a5ae9ad60077/window/rect[39m
[35m[HTTP][39m [90m{}[39m
[35m[HTTP][39m [37m<-- GET /wd/hub/session/6c60ab12-073c-4b3f-b96b-a5ae9ad60077/window/rect [39m[32m200[39m [90m23 ms - 50[39m
[35m[HTTP][39m [90m[39m
[35m[HTTP][39m [37m-->[39m [37mPOST[39m [37m/wd/hub/session/6c60ab12-073c-4b3f-b96b-a5ae9ad60077/elements[39m
[35m[HTTP][39m [90m{"using":"xpath","value":"//*[@class = 'android.widget.EditText' and @resource-id = 'otp-6' and (@text = '' or . = '')]"}[39m
[35m[HTTP][39m [37m<-- POST /wd/hub/session/6c60ab12-073c-4b3f-b96b-a5ae9ad60077/elements [39m[32m200[39m [90m132 ms - 139[39m
[35m[HTTP][39m [90m[39m
[35m[HTTP][39m [37m-->[39m [37mGET[39m [37m/wd/hub/session/6c60ab12-073c-4b3f-b96b-a5ae9ad60077/element/2f9e5f46-1ecb-4075-8ab4-be708acb8373/location[39m
[35m[HTTP][39m [90m{}[39m
[35m[W3C (6c60ab12)][39m Driver proxy active, passing request on via HTTP proxy
[35m[WD Proxy][39m Replacing sessionId 0f37ffb5-4972-4c7b-b084-b4bdd3a36cd5 with 6c60ab12-073c-4b3f-b96b-a5ae9ad60077
[35m[HTTP][39m [37m<-- GET /wd/hub/session/6c60ab12-073c-4b3f-b96b-a5ae9ad60077/element/2f9e5f46-1ecb-4075-8ab4-be708acb8373/location [39m[32m200[39m [90m1068 ms - 78[39m
[35m[HTTP][39m [90m[39m
[35m[HTTP][39m [37m-->[39m [37mPOST[39m [37m/wd/hub/session/6c60ab12-073c-4b3f-b96b-a5ae9ad60077/element/2f9e5f46-1ecb-4075-8ab4-be708acb8373/clear[39m
[35m[HTTP][39m [90m{"id":"2f9e5f46-1ecb-4075-8ab4-be708acb8373"}[39m
[35m[HTTP][39m [37m<-- POST /wd/hub/session/6c60ab12-073c-4b3f-b96b-a5ae9ad60077/element/2f9e5f46-1ecb-4075-8ab4-be708acb8373/clear [39m[32m200[39m [90m37 ms - 14[39m
[35m[HTTP][39m [90m[39m
[35m[HTTP][39m [37m-->[39m [37mPOST[39m [37m/wd/hub/session/6c60ab12-073c-4b3f-b96b-a5ae9ad60077/element/2f9e5f46-1ecb-4075-8ab4-be708acb8373/value[39m
[35m[HTTP][39m [90m{"id":"2f9e5f46-1ecb-4075-8ab4-be708acb8373","text":"9","value":["9"]}[39m
[35m[HTTP][39m [37m<-- POST /wd/hub/session/6c60ab12-073c-4b3f-b96b-a5ae9ad60077/element/2f9e5f46-1ecb-4075-8ab4-be708acb8373/value [39m[32m200[39m [90m700 ms - 14[39m
[35m[HTTP][39m [90m[39m
[35m[HTTP][39m [37m-->[39m [37mGET[39m [37m/wd/hub/session/6c60ab12-073c-4b3f-b96b-a5ae9ad60077/source[39m
[35m[HTTP][39m [90m{}[39m
[35m[W3C (6c60ab12)][39m Driver proxy active, passing request on via HTTP proxy
[35m[WD Proxy][39m Replacing sessionId 0f37ffb5-4972-4c7b-b084-b4bdd3a36cd5 with 6c60ab12-073c-4b3f-b96b-a5ae9ad60077
[35m[HTTP][39m [37m<-- GET /wd/hub/session/6c60ab12-073c-4b3f-b96b-a5ae9ad60077/source [39m[32m200[39m [90m586 ms - 11128[39m
[35m[HTTP][39m [90m[39m
[35m[HTTP][39m [37m-->[39m [37mGET[39m [37m/wd/hub/session/6c60ab12-073c-4b3f-b96b-a5ae9ad60077/screenshot[39m
[35m[HTTP][39m [90m{}[39m
[35m[HTTP][39m [37m<-- GET /wd/hub/session/6c60ab12-073c-4b3f-b96b-a5ae9ad60077/screenshot [39m[32m200[39m [90m487 ms - 251522[39m
[35m[HTTP][39m [90m[39m
[35m[HTTP][39m [37m-->[39m [37mPOST[39m [37m/wd/hub/session/6c60ab12-073c-4b3f-b96b-a5ae9ad60077/elements[39m
[35m[HTTP][39m [90m{"using":"xpath","value":"//*[@class = 'android.widget.Button' and (@text = 'Daftar' or . = 'Daftar') and @resource-id = 'verficationButton']"}[39m
[35m[HTTP][39m [37m<-- POST /wd/hub/session/6c60ab12-073c-4b3f-b96b-a5ae9ad60077/elements [39m[32m200[39m [90m507 ms - 139[39m
[35m[HTTP][39m [90m[39m
[35m[HTTP][39m [37m-->[39m [37mGET[39m [37m/wd/hub/session/6c60ab12-073c-4b3f-b96b-a5ae9ad60077/window/rect[39m
[35m[HTTP][39m [90m{}[39m
[35m[HTTP][39m [37m<-- GET /wd/hub/session/6c60ab12-073c-4b3f-b96b-a5ae9ad60077/window/rect [39m[32m200[39m [90m13 ms - 50[39m
[35m[HTTP][39m [90m[39m
[35m[HTTP][39m [37m-->[39m [37mPOST[39m [37m/wd/hub/session/6c60ab12-073c-4b3f-b96b-a5ae9ad60077/elements[39m
[35m[HTTP][39m [90m{"using":"xpath","value":"//*[@class = 'android.widget.Button' and (@text = 'Daftar' or . = 'Daftar') and @resource-id = 'verficationButton']"}[39m
[35m[HTTP][39m [37m<-- POST /wd/hub/session/6c60ab12-073c-4b3f-b96b-a5ae9ad60077/elements [39m[32m200[39m [90m44 ms - 139[39m
[35m[HTTP][39m [90m[39m
[35m[HTTP][39m [37m-->[39m [37mGET[39m [37m/wd/hub/session/6c60ab12-073c-4b3f-b96b-a5ae9ad60077/element/0efe6c35-929e-4ab6-b9c5-6cb6222cb2a0/location[39m
[35m[HTTP][39m [90m{}[39m
[35m[W3C (6c60ab12)][39m Driver proxy active, passing request on via HTTP proxy
[35m[WD Proxy][39m Replacing sessionId 0f37ffb5-4972-4c7b-b084-b4bdd3a36cd5 with 6c60ab12-073c-4b3f-b96b-a5ae9ad60077
[35m[HTTP][39m [37m<-- GET /wd/hub/session/6c60ab12-073c-4b3f-b96b-a5ae9ad60077/element/0efe6c35-929e-4ab6-b9c5-6cb6222cb2a0/location [39m[32m200[39m [90m16 ms - 78[39m
[35m[HTTP][39m [90m[39m
[35m[HTTP][39m [37m-->[39m [37mPOST[39m [37m/wd/hub/session/6c60ab12-073c-4b3f-b96b-a5ae9ad60077/touch/perform[39m
[35m[HTTP][39m [90m{"actions":[{"action":"tap","options":{"x":1,"y":1,"element":"0efe6c35-929e-4ab6-b9c5-6cb6222cb2a0"}}]}[39m
[35m[UiAutomator2][39m calling get location: 0efe6c35-929e-4ab6-b9c5-6cb6222cb2a0
[35m[HTTP][39m [37m<-- POST /wd/hub/session/6c60ab12-073c-4b3f-b96b-a5ae9ad60077/touch/perform [39m[32m200[39m [90m184 ms - 14[39m
[35m[HTTP][39m [90m[39m
[35m[HTTP][39m [37m-->[39m [37mGET[39m [37m/wd/hub/session/6c60ab12-073c-4b3f-b96b-a5ae9ad60077/source[39m
[35m[HTTP][39m [90m{}[39m
[35m[W3C (6c60ab12)][39m Driver proxy active, passing request on via HTTP proxy
[35m[WD Proxy][39m Replacing sessionId 0f37ffb5-4972-4c7b-b084-b4bdd3a36cd5 with 6c60ab12-073c-4b3f-b96b-a5ae9ad60077
[35m[HTTP][39m [37m<-- GET /wd/hub/session/6c60ab12-073c-4b3f-b96b-a5ae9ad60077/source [39m[32m200[39m [90m398 ms - 11130[39m
[35m[HTTP][39m [90m[39m
[35m[HTTP][39m [37m-->[39m [37mGET[39m [37m/wd/hub/session/6c60ab12-073c-4b3f-b96b-a5ae9ad60077/screenshot[39m
[35m[HTTP][39m [90m{}[39m
[35m[HTTP][39m [37m<-- GET /wd/hub/session/6c60ab12-073c-4b3f-b96b-a5ae9ad60077/screenshot [39m[32m200[39m [90m402 ms - 249338[39m
[35m[HTTP][39m [90m[39m
[35m[HTTP][39m [37m-->[39m [37mGET[39m [37m/wd/hub/session/6c60ab12-073c-4b3f-b96b-a5ae9ad60077/source[39m
[35m[HTTP][39m [90m{}[39m
[35m[W3C (6c60ab12)][39m Driver proxy active, passing request on via HTTP proxy
[35m[WD Proxy][39m Replacing sessionId 0f37ffb5-4972-4c7b-b084-b4bdd3a36cd5 with 6c60ab12-073c-4b3f-b96b-a5ae9ad60077
[35m[HTTP][39m [37m<-- GET /wd/hub/session/6c60ab12-073c-4b3f-b96b-a5ae9ad60077/source [39m[32m200[39m [90m352 ms - 64623[39m
[35m[HTTP][39m [90m[39m
[35m[HTTP][39m [37m-->[39m [37mGET[39m [37m/wd/hub/session/6c60ab12-073c-4b3f-b96b-a5ae9ad60077/screenshot[39m
[35m[HTTP][39m [90m{}[39m
[35m[HTTP][39m [37m<-- GET /wd/hub/session/6c60ab12-073c-4b3f-b96b-a5ae9ad60077/screenshot [39m[32m200[39m [90m597 ms - 598712[39m
[35m[HTTP][39m [90m[39m
[35m[HTTP][39m [37m-->[39m [37mGET[39m [37m/wd/hub/session/6c60ab12-073c-4b3f-b96b-a5ae9ad60077/context[39m
[35m[HTTP][39m [90m{}[39m
[35m[HTTP][39m [37m<-- GET /wd/hub/session/6c60ab12-073c-4b3f-b96b-a5ae9ad60077/context [39m[32m200[39m [90m1 ms - 22[39m
[35m[HTTP][39m [90m[39m
[35m[HTTP][39m [37m-->[39m [37mGET[39m [37m/wd/hub/session/6c60ab12-073c-4b3f-b96b-a5ae9ad60077/contexts[39m
[35m[HTTP][39m [90m{}[39m
[35m[HTTP][39m [37m<-- GET /wd/hub/session/6c60ab12-073c-4b3f-b96b-a5ae9ad60077/contexts [39m[32m200[39m [90m106 ms - 24[39m
[35m[HTTP][39m [90m[39m
[35m[HTTP][39m [37m-->[39m [37mPOST[39m [37m/wd/hub/session/6c60ab12-073c-4b3f-b96b-a5ae9ad60077/context[39m
[35m[HTTP][39m [90m{"name":"NATIVE_APP"}[39m
[35m[HTTP][39m [37m<-- POST /wd/hub/session/6c60ab12-073c-4b3f-b96b-a5ae9ad60077/context [39m[32m200[39m [90m1 ms - 14[39m
[35m[HTTP][39m [90m[39m
[35m[HTTP][39m [37m-->[39m [37mPOST[39m [37m/wd/hub/session/6c60ab12-073c-4b3f-b96b-a5ae9ad60077/element[39m
[35m[HTTP][39m [90m{"using":"-android uiautomator","value":"new UiScrollable(new UiSelector().scrollable(true).instance(0)).scrollIntoView(new UiSelector().textContains(\"Lanjutkan\"))"}[39m
[35m[WD Proxy][39m Got response with status 404: {"sessionId":"0f37ffb5-4972-4c7b-b084-b4bdd3a36cd5","value":{"error":"no such element","message":"An element could not be located on the page using the given search parameters","stacktrace":"io.appium.uiautomator2.common.exceptions.ElementNotFoundException: An element could not be located on the page using the given search parameters\n\tat io.appium.uiautomator2.handler.FindElement.safeHandle(FindElement.java:70)\n\tat io.appium.uiautomator2.handler.request.SafeRequestHandler.handle(SafeRequestHandler.java:41)\n\tat io.appium.uiautomator2.server.AppiumServlet.handleRequest(AppiumServlet.java:261)\n\tat io.appium.uiautomator2.server.AppiumServlet.handleHttpRequest(AppiumServlet.java:255)\n\tat io.appium.uiautomator2.http.ServerHandler.channelRead(ServerHandler.java:68)\n\tat io.netty.channel.AbstractChannelHandlerContext.invokeChannelRead(AbstractChannelHandlerContext.java:366)\n\tat io.netty.channel.AbstractChannelHandlerContext.invokeChannelRead(AbstractChannelHandlerContext.java:352)\n\tat io.netty.chann...
[35m[WD Proxy][39m Got response with status 404: {"sessionId":"0f37ffb5-4972-4c7b-b084-b4bdd3a36cd5","value":{"error":"no such element","message":"An element could not be located on the page using the given search parameters","stacktrace":"io.appium.uiautomator2.common.exceptions.ElementNotFoundException: An element could not be located on the page using the given search parameters\n\tat io.appium.uiautomator2.handler.FindElement.safeHandle(FindElement.java:70)\n\tat io.appium.uiautomator2.handler.request.SafeRequestHandler.handle(SafeRequestHandler.java:41)\n\tat io.appium.uiautomator2.server.AppiumServlet.handleRequest(AppiumServlet.java:261)\n\tat io.appium.uiautomator2.server.AppiumServlet.handleHttpRequest(AppiumServlet.java:255)\n\tat io.appium.uiautomator2.http.ServerHandler.channelRead(ServerHandler.java:68)\n\tat io.netty.channel.AbstractChannelHandlerContext.invokeChannelRead(AbstractChannelHandlerContext.java:366)\n\tat io.netty.channel.AbstractChannelHandlerContext.invokeChannelRead(AbstractChannelHandlerContext.java:352)\n\tat io.netty.chann...
[35m[WD Proxy][39m Got response with status 404: {"sessionId":"0f37ffb5-4972-4c7b-b084-b4bdd3a36cd5","value":{"error":"no such element","message":"An element could not be located on the page using the given search parameters","stacktrace":"io.appium.uiautomator2.common.exceptions.ElementNotFoundException: An element could not be located on the page using the given search parameters\n\tat io.appium.uiautomator2.handler.FindElement.safeHandle(FindElement.java:70)\n\tat io.appium.uiautomator2.handler.request.SafeRequestHandler.handle(SafeRequestHandler.java:41)\n\tat io.appium.uiautomator2.server.AppiumServlet.handleRequest(AppiumServlet.java:261)\n\tat io.appium.uiautomator2.server.AppiumServlet.handleHttpRequest(AppiumServlet.java:255)\n\tat io.appium.uiautomator2.http.ServerHandler.channelRead(ServerHandler.java:68)\n\tat io.netty.channel.AbstractChannelHandlerContext.invokeChannelRead(AbstractChannelHandlerContext.java:366)\n\tat io.netty.channel.AbstractChannelHandlerContext.invokeChannelRead(AbstractChannelHandlerContext.java:352)\n\tat io.netty.chann...
[35m[WD Proxy][39m Got response with status 404: {"sessionId":"0f37ffb5-4972-4c7b-b084-b4bdd3a36cd5","value":{"error":"no such element","message":"An element could not be located on the page using the given search parameters","stacktrace":"io.appium.uiautomator2.common.exceptions.ElementNotFoundException: An element could not be located on the page using the given search parameters\n\tat io.appium.uiautomator2.handler.FindElement.safeHandle(FindElement.java:70)\n\tat io.appium.uiautomator2.handler.request.SafeRequestHandler.handle(SafeRequestHandler.java:41)\n\tat io.appium.uiautomator2.server.AppiumServlet.handleRequest(AppiumServlet.java:261)\n\tat io.appium.uiautomator2.server.AppiumServlet.handleHttpRequest(AppiumServlet.java:255)\n\tat io.appium.uiautomator2.http.ServerHandler.channelRead(ServerHandler.java:68)\n\tat io.netty.channel.AbstractChannelHandlerContext.invokeChannelRead(AbstractChannelHandlerContext.java:366)\n\tat io.netty.channel.AbstractChannelHandlerContext.invokeChannelRead(AbstractChannelHandlerContext.java:352)\n\tat io.netty.chann...
[35m[WD Proxy][39m Got response with status 404: {"sessionId":"0f37ffb5-4972-4c7b-b084-b4bdd3a36cd5","value":{"error":"no such element","message":"An element could not be located on the page using the given search parameters","stacktrace":"io.appium.uiautomator2.common.exceptions.ElementNotFoundException: An element could not be located on the page using the given search parameters\n\tat io.appium.uiautomator2.handler.FindElement.safeHandle(FindElement.java:70)\n\tat io.appium.uiautomator2.handler.request.SafeRequestHandler.handle(SafeRequestHandler.java:41)\n\tat io.appium.uiautomator2.server.AppiumServlet.handleRequest(AppiumServlet.java:261)\n\tat io.appium.uiautomator2.server.AppiumServlet.handleHttpRequest(AppiumServlet.java:255)\n\tat io.appium.uiautomator2.http.ServerHandler.channelRead(ServerHandler.java:68)\n\tat io.netty.channel.AbstractChannelHandlerContext.invokeChannelRead(AbstractChannelHandlerContext.java:366)\n\tat io.netty.channel.AbstractChannelHandlerContext.invokeChannelRead(AbstractChannelHandlerContext.java:352)\n\tat io.netty.chann...
[35m[WD Proxy][39m Got response with status 404: {"sessionId":"0f37ffb5-4972-4c7b-b084-b4bdd3a36cd5","value":{"error":"no such element","message":"An element could not be located on the page using the given search parameters","stacktrace":"io.appium.uiautomator2.common.exceptions.ElementNotFoundException: An element could not be located on the page using the given search parameters\n\tat io.appium.uiautomator2.handler.FindElement.safeHandle(FindElement.java:70)\n\tat io.appium.uiautomator2.handler.request.SafeRequestHandler.handle(SafeRequestHandler.java:41)\n\tat io.appium.uiautomator2.server.AppiumServlet.handleRequest(AppiumServlet.java:261)\n\tat io.appium.uiautomator2.server.AppiumServlet.handleHttpRequest(AppiumServlet.java:255)\n\tat io.appium.uiautomator2.http.ServerHandler.channelRead(ServerHandler.java:68)\n\tat io.netty.channel.AbstractChannelHandlerContext.invokeChannelRead(AbstractChannelHandlerContext.java:366)\n\tat io.netty.channel.AbstractChannelHandlerContext.invokeChannelRead(AbstractChannelHandlerContext.java:352)\n\tat io.netty.chann...
[35m[WD Proxy][39m Got response with status 404: {"sessionId":"0f37ffb5-4972-4c7b-b084-b4bdd3a36cd5","value":{"error":"no such element","message":"An element could not be located on the page using the given search parameters","stacktrace":"io.appium.uiautomator2.common.exceptions.ElementNotFoundException: An element could not be located on the page using the given search parameters\n\tat io.appium.uiautomator2.handler.FindElement.safeHandle(FindElement.java:70)\n\tat io.appium.uiautomator2.handler.request.SafeRequestHandler.handle(SafeRequestHandler.java:41)\n\tat io.appium.uiautomator2.server.AppiumServlet.handleRequest(AppiumServlet.java:261)\n\tat io.appium.uiautomator2.server.AppiumServlet.handleHttpRequest(AppiumServlet.java:255)\n\tat io.appium.uiautomator2.http.ServerHandler.channelRead(ServerHandler.java:68)\n\tat io.netty.channel.AbstractChannelHandlerContext.invokeChannelRead(AbstractChannelHandlerContext.java:366)\n\tat io.netty.channel.AbstractChannelHandlerContext.invokeChannelRead(AbstractChannelHandlerContext.java:352)\n\tat io.netty.chann...
[35m[WD Proxy][39m Got response with status 404: {"sessionId":"0f37ffb5-4972-4c7b-b084-b4bdd3a36cd5","value":{"error":"no such element","message":"An element could not be located on the page using the given search parameters","stacktrace":"io.appium.uiautomator2.common.exceptions.ElementNotFoundException: An element could not be located on the page using the given search parameters\n\tat io.appium.uiautomator2.handler.FindElement.safeHandle(FindElement.java:70)\n\tat io.appium.uiautomator2.handler.request.SafeRequestHandler.handle(SafeRequestHandler.java:41)\n\tat io.appium.uiautomator2.server.AppiumServlet.handleRequest(AppiumServlet.java:261)\n\tat io.appium.uiautomator2.server.AppiumServlet.handleHttpRequest(AppiumServlet.java:255)\n\tat io.appium.uiautomator2.http.ServerHandler.channelRead(ServerHandler.java:68)\n\tat io.netty.channel.AbstractChannelHandlerContext.invokeChannelRead(AbstractChannelHandlerContext.java:366)\n\tat io.netty.channel.AbstractChannelHandlerContext.invokeChannelRead(AbstractChannelHandlerContext.java:352)\n\tat io.netty.chann...
[35m[WD Proxy][39m Got response with status 404: {"sessionId":"0f37ffb5-4972-4c7b-b084-b4bdd3a36cd5","value":{"error":"no such element","message":"An element could not be located on the page using the given search parameters","stacktrace":"io.appium.uiautomator2.common.exceptions.ElementNotFoundException: An element could not be located on the page using the given search parameters\n\tat io.appium.uiautomator2.handler.FindElement.safeHandle(FindElement.java:70)\n\tat io.appium.uiautomator2.handler.request.SafeRequestHandler.handle(SafeRequestHandler.java:41)\n\tat io.appium.uiautomator2.server.AppiumServlet.handleRequest(AppiumServlet.java:261)\n\tat io.appium.uiautomator2.server.AppiumServlet.handleHttpRequest(AppiumServlet.java:255)\n\tat io.appium.uiautomator2.http.ServerHandler.channelRead(ServerHandler.java:68)\n\tat io.netty.channel.AbstractChannelHandlerContext.invokeChannelRead(AbstractChannelHandlerContext.java:366)\n\tat io.netty.channel.AbstractChannelHandlerContext.invokeChannelRead(AbstractChannelHandlerContext.java:352)\n\tat io.netty.chann...
[35m[WD Proxy][39m Got response with status 404: {"sessionId":"0f37ffb5-4972-4c7b-b084-b4bdd3a36cd5","value":{"error":"no such element","message":"An element could not be located on the page using the given search parameters","stacktrace":"io.appium.uiautomator2.common.exceptions.ElementNotFoundException: An element could not be located on the page using the given search parameters\n\tat io.appium.uiautomator2.handler.FindElement.safeHandle(FindElement.java:70)\n\tat io.appium.uiautomator2.handler.request.SafeRequestHandler.handle(SafeRequestHandler.java:41)\n\tat io.appium.uiautomator2.server.AppiumServlet.handleRequest(AppiumServlet.java:261)\n\tat io.appium.uiautomator2.server.AppiumServlet.handleHttpRequest(AppiumServlet.java:255)\n\tat io.appium.uiautomator2.http.ServerHandler.channelRead(ServerHandler.java:68)\n\tat io.netty.channel.AbstractChannelHandlerContext.invokeChannelRead(AbstractChannelHandlerContext.java:366)\n\tat io.netty.channel.AbstractChannelHandlerContext.invokeChannelRead(AbstractChannelHandlerContext.java:352)\n\tat io.netty.chann...
[35m[WD Proxy][39m Got response with status 404: {"sessionId":"0f37ffb5-4972-4c7b-b084-b4bdd3a36cd5","value":{"error":"no such element","message":"An element could not be located on the page using the given search parameters","stacktrace":"io.appium.uiautomator2.common.exceptions.ElementNotFoundException: An element could not be located on the page using the given search parameters\n\tat io.appium.uiautomator2.handler.FindElement.safeHandle(FindElement.java:70)\n\tat io.appium.uiautomator2.handler.request.SafeRequestHandler.handle(SafeRequestHandler.java:41)\n\tat io.appium.uiautomator2.server.AppiumServlet.handleRequest(AppiumServlet.java:261)\n\tat io.appium.uiautomator2.server.AppiumServlet.handleHttpRequest(AppiumServlet.java:255)\n\tat io.appium.uiautomator2.http.ServerHandler.channelRead(ServerHandler.java:68)\n\tat io.netty.channel.AbstractChannelHandlerContext.invokeChannelRead(AbstractChannelHandlerContext.java:366)\n\tat io.netty.channel.AbstractChannelHandlerContext.invokeChannelRead(AbstractChannelHandlerContext.java:352)\n\tat io.netty.chann...
[35m[WD Proxy][39m Got response with status 404: {"sessionId":"0f37ffb5-4972-4c7b-b084-b4bdd3a36cd5","value":{"error":"no such element","message":"An element could not be located on the page using the given search parameters","stacktrace":"io.appium.uiautomator2.common.exceptions.ElementNotFoundException: An element could not be located on the page using the given search parameters\n\tat io.appium.uiautomator2.handler.FindElement.safeHandle(FindElement.java:70)\n\tat io.appium.uiautomator2.handler.request.SafeRequestHandler.handle(SafeRequestHandler.java:41)\n\tat io.appium.uiautomator2.server.AppiumServlet.handleRequest(AppiumServlet.java:261)\n\tat io.appium.uiautomator2.server.AppiumServlet.handleHttpRequest(AppiumServlet.java:255)\n\tat io.appium.uiautomator2.http.ServerHandler.channelRead(ServerHandler.java:68)\n\tat io.netty.channel.AbstractChannelHandlerContext.invokeChannelRead(AbstractChannelHandlerContext.java:366)\n\tat io.netty.channel.AbstractChannelHandlerContext.invokeChannelRead(AbstractChannelHandlerContext.java:352)\n\tat io.netty.chann...
[35m[WD Proxy][39m Got response with status 404: {"sessionId":"0f37ffb5-4972-4c7b-b084-b4bdd3a36cd5","value":{"error":"no such element","message":"An element could not be located on the page using the given search parameters","stacktrace":"io.appium.uiautomator2.common.exceptions.ElementNotFoundException: An element could not be located on the page using the given search parameters\n\tat io.appium.uiautomator2.handler.FindElement.safeHandle(FindElement.java:70)\n\tat io.appium.uiautomator2.handler.request.SafeRequestHandler.handle(SafeRequestHandler.java:41)\n\tat io.appium.uiautomator2.server.AppiumServlet.handleRequest(AppiumServlet.java:261)\n\tat io.appium.uiautomator2.server.AppiumServlet.handleHttpRequest(AppiumServlet.java:255)\n\tat io.appium.uiautomator2.http.ServerHandler.channelRead(ServerHandler.java:68)\n\tat io.netty.channel.AbstractChannelHandlerContext.invokeChannelRead(AbstractChannelHandlerContext.java:366)\n\tat io.netty.channel.AbstractChannelHandlerContext.invokeChannelRead(AbstractChannelHandlerContext.java:352)\n\tat io.netty.chann...
[35m[WD Proxy][39m Got response with status 404: {"sessionId":"0f37ffb5-4972-4c7b-b084-b4bdd3a36cd5","value":{"error":"no such element","message":"An element could not be located on the page using the given search parameters","stacktrace":"io.appium.uiautomator2.common.exceptions.ElementNotFoundException: An element could not be located on the page using the given search parameters\n\tat io.appium.uiautomator2.handler.FindElement.safeHandle(FindElement.java:70)\n\tat io.appium.uiautomator2.handler.request.SafeRequestHandler.handle(SafeRequestHandler.java:41)\n\tat io.appium.uiautomator2.server.AppiumServlet.handleRequest(AppiumServlet.java:261)\n\tat io.appium.uiautomator2.server.AppiumServlet.handleHttpRequest(AppiumServlet.java:255)\n\tat io.appium.uiautomator2.http.ServerHandler.channelRead(ServerHandler.java:68)\n\tat io.netty.channel.AbstractChannelHandlerContext.invokeChannelRead(AbstractChannelHandlerContext.java:366)\n\tat io.netty.channel.AbstractChannelHandlerContext.invokeChannelRead(AbstractChannelHandlerContext.java:352)\n\tat io.netty.chann...
[35m[WD Proxy][39m Got response with status 404: {"sessionId":"0f37ffb5-4972-4c7b-b084-b4bdd3a36cd5","value":{"error":"no such element","message":"An element could not be located on the page using the given search parameters","stacktrace":"io.appium.uiautomator2.common.exceptions.ElementNotFoundException: An element could not be located on the page using the given search parameters\n\tat io.appium.uiautomator2.handler.FindElement.safeHandle(FindElement.java:70)\n\tat io.appium.uiautomator2.handler.request.SafeRequestHandler.handle(SafeRequestHandler.java:41)\n\tat io.appium.uiautomator2.server.AppiumServlet.handleRequest(AppiumServlet.java:261)\n\tat io.appium.uiautomator2.server.AppiumServlet.handleHttpRequest(AppiumServlet.java:255)\n\tat io.appium.uiautomator2.http.ServerHandler.channelRead(ServerHandler.java:68)\n\tat io.netty.channel.AbstractChannelHandlerContext.invokeChannelRead(AbstractChannelHandlerContext.java:366)\n\tat io.netty.channel.AbstractChannelHandlerContext.invokeChannelRead(AbstractChannelHandlerContext.java:352)\n\tat io.netty.chann...
[35m[WD Proxy][39m Got response with status 404: {"sessionId":"0f37ffb5-4972-4c7b-b084-b4bdd3a36cd5","value":{"error":"no such element","message":"An element could not be located on the page using the given search parameters","stacktrace":"io.appium.uiautomator2.common.exceptions.ElementNotFoundException: An element could not be located on the page using the given search parameters\n\tat io.appium.uiautomator2.handler.FindElement.safeHandle(FindElement.java:70)\n\tat io.appium.uiautomator2.handler.request.SafeRequestHandler.handle(SafeRequestHandler.java:41)\n\tat io.appium.uiautomator2.server.AppiumServlet.handleRequest(AppiumServlet.java:261)\n\tat io.appium.uiautomator2.server.AppiumServlet.handleHttpRequest(AppiumServlet.java:255)\n\tat io.appium.uiautomator2.http.ServerHandler.channelRead(ServerHandler.java:68)\n\tat io.netty.channel.AbstractChannelHandlerContext.invokeChannelRead(AbstractChannelHandlerContext.java:366)\n\tat io.netty.channel.AbstractChannelHandlerContext.invokeChannelRead(AbstractChannelHandlerContext.java:352)\n\tat io.netty.chann...
[35m[HTTP][39m [37m<-- POST /wd/hub/session/6c60ab12-073c-4b3f-b96b-a5ae9ad60077/element [39m[33m404[39m [90m62169 ms - 911[39m
[35m[HTTP][39m [90m[39m
[35m[HTTP][39m [37m-->[39m [37mPOST[39m [37m/wd/hub/session/6c60ab12-073c-4b3f-b96b-a5ae9ad60077/context[39m
[35m[HTTP][39m [90m{"name":"NATIVE_APP"}[39m
[35m[HTTP][39m [37m<-- POST /wd/hub/session/6c60ab12-073c-4b3f-b96b-a5ae9ad60077/context [39m[32m200[39m [90m1 ms - 14[39m
[35m[HTTP][39m [90m[39m
[35m[HTTP][39m [37m-->[39m [37mGET[39m [37m/wd/hub/session/6c60ab12-073c-4b3f-b96b-a5ae9ad60077/context[39m
[35m[HTTP][39m [90m{}[39m
[35m[HTTP][39m [37m<-- GET /wd/hub/session/6c60ab12-073c-4b3f-b96b-a5ae9ad60077/context [39m[32m200[39m [90m2 ms - 22[39m
[35m[HTTP][39m [90m[39m
[35m[HTTP][39m [37m-->[39m [37mGET[39m [37m/wd/hub/session/6c60ab12-073c-4b3f-b96b-a5ae9ad60077/contexts[39m
[35m[HTTP][39m [90m{}[39m
[35m[HTTP][39m [37m<-- GET /wd/hub/session/6c60ab12-073c-4b3f-b96b-a5ae9ad60077/contexts [39m[32m200[39m [90m135 ms - 24[39m
[35m[HTTP][39m [90m[39m
[35m[HTTP][39m [37m-->[39m [37mPOST[39m [37m/wd/hub/session/6c60ab12-073c-4b3f-b96b-a5ae9ad60077/context[39m
[35m[HTTP][39m [90m{"name":"NATIVE_APP"}[39m
[35m[HTTP][39m [37m<-- POST /wd/hub/session/6c60ab12-073c-4b3f-b96b-a5ae9ad60077/context [39m[32m200[39m [90m1 ms - 14[39m
[35m[HTTP][39m [90m[39m
[35m[HTTP][39m [37m-->[39m [37mPOST[39m [37m/wd/hub/session/6c60ab12-073c-4b3f-b96b-a5ae9ad60077/appium/device/press_keycode[39m
[35m[HTTP][39m [90m{"keycode":4}[39m
[35m[HTTP][39m [37m<-- POST /wd/hub/session/6c60ab12-073c-4b3f-b96b-a5ae9ad60077/appium/device/press_keycode [39m[32m200[39m [90m97 ms - 14[39m
[35m[HTTP][39m [90m[39m
[35m[HTTP][39m [37m-->[39m [37mPOST[39m [37m/wd/hub/session/6c60ab12-073c-4b3f-b96b-a5ae9ad60077/context[39m
[35m[HTTP][39m [90m{"name":"NATIVE_APP"}[39m
[35m[HTTP][39m [37m<-- POST /wd/hub/session/6c60ab12-073c-4b3f-b96b-a5ae9ad60077/context [39m[32m200[39m [90m1 ms - 14[39m
[35m[HTTP][39m [90m[39m
[35m[HTTP][39m [37m-->[39m [37mGET[39m [37m/wd/hub/session/6c60ab12-073c-4b3f-b96b-a5ae9ad60077/source[39m
[35m[HTTP][39m [90m{}[39m
[35m[W3C (6c60ab12)][39m Driver proxy active, passing request on via HTTP proxy
[35m[WD Proxy][39m Replacing sessionId 0f37ffb5-4972-4c7b-b084-b4bdd3a36cd5 with 6c60ab12-073c-4b3f-b96b-a5ae9ad60077
[35m[HTTP][39m [37m<-- GET /wd/hub/session/6c60ab12-073c-4b3f-b96b-a5ae9ad60077/source [39m[32m200[39m [90m404 ms - 65004[39m
[35m[HTTP][39m [90m[39m
[35m[HTTP][39m [37m-->[39m [37mGET[39m [37m/wd/hub/session/6c60ab12-073c-4b3f-b96b-a5ae9ad60077/screenshot[39m
[35m[HTTP][39m [90m{}[39m
[35m[HTTP][39m [37m<-- GET /wd/hub/session/6c60ab12-073c-4b3f-b96b-a5ae9ad60077/screenshot [39m[32m200[39m [90m652 ms - 625746[39m
[35m[HTTP][39m [90m[39m
[35m[HTTP][39m [37m-->[39m [37mGET[39m [37m/wd/hub/session/6c60ab12-073c-4b3f-b96b-a5ae9ad60077/context[39m
[35m[HTTP][39m [90m{}[39m
[35m[HTTP][39m [37m<-- GET /wd/hub/session/6c60ab12-073c-4b3f-b96b-a5ae9ad60077/context [39m[32m200[39m [90m4 ms - 22[39m
[35m[HTTP][39m [90m[39m
[35m[HTTP][39m [37m-->[39m [37mGET[39m [37m/wd/hub/session/6c60ab12-073c-4b3f-b96b-a5ae9ad60077/contexts[39m
[35m[HTTP][39m [90m{}[39m
[35m[HTTP][39m [37m<-- GET /wd/hub/session/6c60ab12-073c-4b3f-b96b-a5ae9ad60077/contexts [39m[32m200[39m [90m132 ms - 24[39m
[35m[HTTP][39m [90m[39m
[35m[HTTP][39m [37m-->[39m [37mPOST[39m [37m/wd/hub/session/6c60ab12-073c-4b3f-b96b-a5ae9ad60077/context[39m
[35m[HTTP][39m [90m{"name":"NATIVE_APP"}[39m
[35m[HTTP][39m [37m<-- POST /wd/hub/session/6c60ab12-073c-4b3f-b96b-a5ae9ad60077/context [39m[32m200[39m [90m1 ms - 14[39m
[35m[HTTP][39m [90m[39m
[35m[HTTP][39m [37m-->[39m [37mPOST[39m [37m/wd/hub/session/6c60ab12-073c-4b3f-b96b-a5ae9ad60077/appium/device/press_keycode[39m
[35m[HTTP][39m [90m{"keycode":4}[39m
[35m[HTTP][39m [37m<-- POST /wd/hub/session/6c60ab12-073c-4b3f-b96b-a5ae9ad60077/appium/device/press_keycode [39m[32m200[39m [90m90 ms - 14[39m
[35m[HTTP][39m [90m[39m
[35m[HTTP][39m [37m-->[39m [37mPOST[39m [37m/wd/hub/session/6c60ab12-073c-4b3f-b96b-a5ae9ad60077/context[39m
[35m[HTTP][39m [90m{"name":"NATIVE_APP"}[39m
[35m[HTTP][39m [37m<-- POST /wd/hub/session/6c60ab12-073c-4b3f-b96b-a5ae9ad60077/context [39m[32m200[39m [90m3 ms - 14[39m
[35m[HTTP][39m [90m[39m
[35m[HTTP][39m [37m-->[39m [37mGET[39m [37m/wd/hub/session/6c60ab12-073c-4b3f-b96b-a5ae9ad60077/source[39m
[35m[HTTP][39m [90m{}[39m
[35m[W3C (6c60ab12)][39m Driver proxy active, passing request on via HTTP proxy
[35m[WD Proxy][39m Replacing sessionId 0f37ffb5-4972-4c7b-b084-b4bdd3a36cd5 with 6c60ab12-073c-4b3f-b96b-a5ae9ad60077
[35m[HTTP][39m [37m<-- GET /wd/hub/session/6c60ab12-073c-4b3f-b96b-a5ae9ad60077/source [39m[32m200[39m [90m831 ms - 65008[39m
[35m[HTTP][39m [90m[39m
[35m[HTTP][39m [37m-->[39m [37mGET[39m [37m/wd/hub/session/6c60ab12-073c-4b3f-b96b-a5ae9ad60077/screenshot[39m
[35m[HTTP][39m [90m{}[39m
[35m[HTTP][39m [37m<-- GET /wd/hub/session/6c60ab12-073c-4b3f-b96b-a5ae9ad60077/screenshot [39m[32m200[39m [90m569 ms - 608958[39m
[35m[HTTP][39m [90m[39m
[35m[HTTP][39m [37m-->[39m [37mDELETE[39m [37m/wd/hub/session/6c60ab12-073c-4b3f-b96b-a5ae9ad60077[39m
[35m[HTTP][39m [90m{}[39m
[35m[Appium][39m Removing session 6c60ab12-073c-4b3f-b96b-a5ae9ad60077 from our master session list
[35m[UiAutomator2][39m Restoring hidden api policy to the device default configuration
[35m[HTTP][39m [37m<-- DELETE /wd/hub/session/6c60ab12-073c-4b3f-b96b-a5ae9ad60077 [39m[32m200[39m [90m640 ms - 14[39m
[35m[HTTP][39m [90m[39m
